<?xml version="1.0" encoding="UTF-8"?>
<!-- Generated by org.testng.reporters.JUnitReportReporter -->
<testsuite hostname="INBAWN167023" failures="0" tests="1" name="tests.TestProductCheckout" time="1.071" errors="0" timestamp="2022-11-09T17:13:25 IST" skipped="0">
  <testcase classname="tests.TestProductCheckout" name="verifyProductCheckout" time="1.071"/>
  <system-out/>
</testsuite> <!-- tests.TestProductCheckout -->
