<?xml version="1.0" encoding="UTF-8"?>
<!-- Generated by org.testng.reporters.JUnitReportReporter -->
<testsuite hostname="INBAWN167023" failures="0" tests="1" name="tests.TestProductAddedToCart" time="0.449" errors="0" timestamp="2022-11-09T08:02:20 IST" skipped="0">
  <testcase classname="tests.TestProductAddedToCart" name="verifyProductAddedToCart" time="0.449"/>
  <system-out/>
</testsuite> <!-- tests.TestProductAddedToCart -->
