<?xml version="1.0" encoding="UTF-8"?>
<!-- Generated by org.testng.reporters.JUnitReportReporter -->
<testsuite hostname="INBAWN167023" failures="0" tests="1" name="tests.TestHomePage" time="0.028" errors="0" timestamp="2022-11-09T17:13:25 IST" skipped="0">
  <testcase classname="tests.TestHomePage" name="verifyHomePageTitle" time="0.028"/>
  <system-out/>
</testsuite> <!-- tests.TestHomePage -->
