<?xml version="1.0" encoding="UTF-8"?>
<!-- Generated by org.testng.reporters.JUnitReportReporter -->
<testsuite hostname="INBAWN167023" failures="0" tests="1" name="tests.TestProductCheckout" time="0.799" errors="0" timestamp="2022-11-09T08:05:42 IST" skipped="0">
  <testcase classname="tests.TestProductCheckout" name="verifyProductCheckout" time="0.799"/>
  <system-out/>
</testsuite> <!-- tests.TestProductCheckout -->
