<?xml version="1.0" encoding="UTF-8"?>
<!-- Generated by org.testng.reporters.JUnitReportReporter -->
<testsuite hostname="INBAWN167023" failures="0" tests="1" name="tests.TestHomePage" time="0.027" errors="0" timestamp="2022-11-03T09:07:37 IST" skipped="0">
  <testcase classname="tests.TestHomePage" name="verifyHomePageTitle" time="0.027"/>
  <system-out/>
</testsuite> <!-- tests.TestHomePage -->
