<?xml version="1.0" encoding="UTF-8"?>
<!-- Generated by org.testng.reporters.JUnitReportReporter -->
<testsuite hostname="INBAWN167023" failures="0" tests="1" name="tests.VerifyProductAddedToCart" time="0.108" errors="0" timestamp="2022-10-25T10:10:25 IST" skipped="0">
  <testcase classname="tests.VerifyProductAddedToCart" name="verifyProductAddedToCart" time="0.108"/>
  <system-out/>
</testsuite> <!-- tests.VerifyProductAddedToCart -->
